<?xml version="1.0" encoding="UTF-8"?>
<!-- Generated by org.testng.reporters.JUnitReportReporter -->
<testsuite skipped="0" hostname="Adams-MacBook-Pro.local" name="com.freecrm.TestCases.LoginPageTests" tests="3" failures="0" timestamp="03 Jul 2020 18:56:50 GMT" time="14.218" errors="0">
  <testcase name="invalidLoginTest" time="4.073" classname="com.freecrm.TestCases.LoginPageTests"/>
  <testcase name="LoginTest" time="4.864" classname="com.freecrm.TestCases.LoginPageTests"/>
  <testcase name="forgotPasswordTest" time="5.281" classname="com.freecrm.TestCases.LoginPageTests"/>
</testsuite> <!-- com.freecrm.TestCases.LoginPageTests -->
