<?xml version="1.0" encoding="UTF-8"?>
<!-- Generated by org.testng.reporters.JUnitReportReporter -->
<testsuite skipped="1" hostname="Adams-MacBook-Pro.local" name="com.freecrm.TestCases.DashboardPageTests" tests="5" failures="0" timestamp="03 Jul 2020 18:56:50 GMT" time="12.404" errors="0">
  <testcase name="verifyFreeAccountLinkTest" time="2.952" classname="com.freecrm.TestCases.DashboardPageTests"/>
  <testcase name="verifyUserNameTest" time="3.293" classname="com.freecrm.TestCases.DashboardPageTests"/>
  <testcase name="verifyDashboardCardsTest" time="3.060" classname="com.freecrm.TestCases.DashboardPageTests"/>
  <testcase name="searchFunctionalityTest" time="3.099" classname="com.freecrm.TestCases.DashboardPageTests"/>
  <testcase name="verifyEachSideBarLinkTest" time="0.000" classname="com.freecrm.TestCases.DashboardPageTests">
    <skipped/>
  </testcase> <!-- verifyEachSideBarLinkTest -->
</testsuite> <!-- com.freecrm.TestCases.DashboardPageTests -->
